2025-02-24 03:40:33 [INFO]: 2025-02-24T03:40:33.572Z POST /api/v1/users/register 201 - 1263.677 ms
2025-02-24 03:41:07 [INFO]: 2025-02-24T03:41:07.516Z GET /api/v1/users/verify?token=eyJhbGciOiJIUzI1NiIsInR5cCI6IkpXVCJ9.eyJpZCI6IjY3YmJlYTMwNTM5NjMzNzFkMDg3YjA1NSIsInJvbGUiOiJ1c2VyIiwiaWF0IjoxNzQwMzY4NDMyLCJleHAiOjE3NDA0NTQ4MzJ9.Iq5Nlvo-rlQlssTOti4aeOByxVxM7P5RSFQfndml04U 200 - 66.283 ms
2025-02-24 03:41:07 [INFO]: 2025-02-24T03:41:07.787Z GET /favicon.ico 404 - 0.515 ms
2025-02-24 03:54:58 [INFO]: 2025-02-24T03:54:58.211Z POST /api/v1/users/login 404 - 1.889 ms
2025-02-24 03:55:18 [INFO]: 2025-02-24T03:55:18.835Z POST /api/v1/users/login 500 - 61.228 ms
2025-02-24 03:55:54 [INFO]: 2025-02-24T03:55:54.144Z POST /api/v1/users/login 500 - 75.158 ms
2025-02-24 03:56:21 [INFO]: 2025-02-24T03:56:21.008Z POST /api/v1/users/login 500 - 64.273 ms
2025-02-24 03:56:45 [INFO]: 2025-02-24T03:56:45.886Z POST /api/v1/users/login 500 - 76.722 ms
2025-02-24 03:57:01 [INFO]: 2025-02-24T03:57:01.747Z POST /api/v1/users/login 500 - 58.086 ms
2025-02-24 03:57:32 [INFO]: 2025-02-24T03:57:32.639Z POST /api/v1/users/login 500 - 60.416 ms
2025-02-24 03:58:39 [INFO]: 2025-02-24T03:58:39.710Z POST /api/v1/users/login 500 - 56.071 ms
2025-02-24 04:00:55 [INFO]: 2025-02-24T04:00:55.857Z POST /api/v1/users/login 500 - 56.637 ms
2025-02-24 04:01:38 [INFO]: 2025-02-24T04:01:38.460Z POST /api/v1/users/login 500 - 50.716 ms
2025-02-24 04:02:33 [INFO]: 2025-02-24T04:02:33.048Z POST /api/v1/users/login 500 - 54.640 ms
2025-02-24 04:03:20 [INFO]: 2025-02-24T04:03:20.204Z POST /api/v1/users/login 401 - 55.734 ms
2025-02-24 04:03:29 [INFO]: 2025-02-24T04:03:29.887Z POST /api/v1/users/login 401 - 46.435 ms
2025-02-24 04:03:50 [INFO]: 2025-02-24T04:03:50.525Z POST /api/v1/users/login 401 - 56.853 ms
2025-02-24 04:04:42 [INFO]: 2025-02-24T04:04:42.252Z POST /api/v1/users/register 201 - 1296.537 ms
2025-02-24 04:04:51 [INFO]: 2025-02-24T04:04:51.409Z POST /api/v1/users/login 401 - 54.747 ms
2025-02-24 04:05:02 [INFO]: 2025-02-24T04:05:02.864Z GET /api/v1/users/verify?token=eyJhbGciOiJIUzI1NiIsInR5cCI6IkpXVCJ9.eyJpZCI6IjY3YmJlZmQ5MDMyMGVlOGVmMTU0NTAzYyIsInJvbGUiOiJ1c2VyIiwiaWF0IjoxNzQwMzY5ODgxLCJleHAiOjE3NDA0NTYyODF9.y8CWzDOVwQhGhHadPysSUpRMdX89MtsRULmSvpCe8cg 200 - 44.625 ms
2025-02-24 04:05:05 [INFO]: 2025-02-24T04:05:05.968Z POST /api/v1/users/login 401 - 41.768 ms
2025-02-24 04:05:37 [INFO]: 2025-02-24T04:05:37.795Z POST /api/v1/users/login 401 - 74.475 ms
2025-02-24 04:07:05 [INFO]: 2025-02-24T04:07:05.410Z POST /api/v1/users/login 401 - 58.157 ms
2025-02-24 04:07:26 [INFO]: 2025-02-24T04:07:26.403Z POST /api/v1/users/register 500 - 9.070 ms
2025-02-24 04:08:46 [INFO]: 2025-02-24T04:08:46.315Z POST /api/v1/users/register 500 - 12.151 ms
2025-02-24 04:09:10 [INFO]: 2025-02-24T04:09:10.718Z POST /api/v1/users/register 500 - 6.630 ms
2025-02-24 04:09:36 [INFO]: 2025-02-24T04:09:36.665Z POST /api/v1/users/register 500 - 7.925 ms
2025-02-24 04:10:58 [INFO]: 2025-02-24T04:10:58.468Z POST /api/v1/users/register 500 - 7.515 ms
2025-02-24 04:11:20 [INFO]: 2025-02-24T04:11:20.673Z POST /api/v1/users/register 500 - 9.467 ms
2025-02-24 04:12:47 [INFO]: 2025-02-24T04:12:47.409Z POST /api/v1/users/register 500 - 8.731 ms
2025-02-24 04:16:57 [INFO]: 2025-02-24T04:16:57.106Z POST /api/v1/users/register 500 - 4.022 ms
2025-02-24 04:17:00 [INFO]: 2025-02-24T04:17:00.941Z POST /api/v1/users/register 500 - 1.324 ms
2025-02-24 04:17:46 [INFO]: 2025-02-24T04:17:46.579Z POST /api/v1/users/register 500 - 3.308 ms
2025-02-24 04:18:58 [INFO]: 2025-02-24T04:18:58.066Z POST /api/v1/users/login 401 - 96.876 ms
2025-02-24 04:19:03 [INFO]: 2025-02-24T04:19:03.482Z POST /api/v1/users/login 401 - 45.674 ms
2025-02-24 04:22:30 [INFO]: 2025-02-24T04:22:30.235Z POST /api/v1/users/login 401 - 125.466 ms
2025-02-24 04:22:47 [INFO]: 2025-02-24T04:22:47.674Z POST /api/v1/users/login 401 - 84.747 ms
2025-02-24 04:23:41 [INFO]: 2025-02-24T04:23:41.881Z POST /api/v1/users/register 500 - 157.905 ms
2025-02-24 04:24:52 [INFO]: 2025-02-24T04:24:52.817Z POST /api/v1/users/register 500 - 138.050 ms
2025-02-24 04:25:59 [INFO]: 2025-02-24T04:25:59.737Z POST /api/v1/users/register 500 - 146.716 ms
2025-02-24 04:27:34 [INFO]: 2025-02-24T04:27:34.601Z POST /api/v1/users/register 409 - 210.464 ms
2025-02-24 04:31:55 [INFO]: 2025-02-24T04:31:55.029Z POST /api/v1/users/login 401 - 53.197 ms
2025-02-24 04:32:44 [INFO]: 2025-02-24T04:32:44.417Z POST /api/v1/users/register 400 - 2.053 ms
2025-02-24 04:33:22 [INFO]: 2025-02-24T04:33:22.417Z POST /api/v1/users/register 400 - 6.492 ms
2025-02-24 04:33:45 [INFO]: 2025-02-24T04:33:45.530Z POST /api/v1/users/register 400 - 3.417 ms
2025-02-24 04:36:50 [INFO]: 2025-02-24T04:36:50.117Z POST /api/v1/users/register 400 - 3.629 ms
2025-02-24 04:36:58 [INFO]: 2025-02-24T04:36:58.289Z POST /api/v1/users/register 201 - 2146.228 ms
2025-02-24 04:38:02 [INFO]: 2025-02-24T04:38:02.940Z POST /api/v1/users/register 409 - 123.404 ms
2025-02-24 04:38:12 [INFO]: 2025-02-24T04:38:12.930Z POST /api/v1/users/register 201 - 1672.660 ms
2025-02-24 04:39:26 [INFO]: 2025-02-24T04:39:26.737Z POST /api/v1/users/register 201 - 1052.574 ms
2025-02-24 04:44:15 [INFO]: 2025-02-24T04:44:15.359Z POST /api/v1/users/register 201 - 1300.866 ms
2025-02-24 04:44:27 [INFO]: 2025-02-24T04:44:27.054Z GET /api/v1/users/verify?token=eyJhbGciOiJIUzI1NiIsInR5cCI6IkpXVCJ9.eyJpZCI6IjY3YmJmOTFlMWVhZjI0Y2VjOWYwZjA5YiIsInJvbGUiOiJ1c2VyIiwiaWF0IjoxNzQwMzcyMjU0LCJleHAiOjE3NDA0NTg2NTR9.-otZ35K3jfuhXRj-WYPx0B3B4w_HsymPoocXHDfFHzQ 200 - 44.352 ms
2025-02-24 04:44:51 [INFO]: 2025-02-24T04:44:51.839Z POST /api/v1/users/login 401 - 112.546 ms
2025-02-24 04:46:03 [INFO]: 2025-02-24T04:46:03.147Z POST /api/v1/users/register 201 - 2063.962 ms
2025-02-24 04:46:46 [INFO]: 2025-02-24T04:46:46.079Z GET /api/v1/users/verify?token=eyJhbGciOiJIUzI1NiIsInR5cCI6IkpXVCJ9.eyJpZCI6IjY3YmJmOTg5OGQxNmUyZWM1YWY3ODY1ZSIsInJvbGUiOiJ1c2VyIiwiaWF0IjoxNzQwMzcyMzYxLCJleHAiOjE3NDA0NTg3NjF9.pBEYcbS3LkKauxu87jPOLJrr4fRM65nh77wgpX9OqiE 200 - 128.041 ms
2025-02-24 04:47:13 [INFO]: 2025-02-24T04:47:13.833Z POST /api/v1/users/login 401 - 177.515 ms
2025-02-24 04:50:22 [INFO]: 2025-02-24T04:50:22.437Z POST /api/v1/users/login 401 - 2579.965 ms
2025-02-24 04:54:41 [INFO]: 2025-02-24T04:54:41.723Z POST /api/v1/users/login 401 - 230.798 ms
2025-02-24 05:01:40 [INFO]: 2025-02-24T05:01:40.163Z POST /api/v1/users/login 401 - 257.575 ms
2025-02-24 05:03:41 [INFO]: 2025-02-24T05:03:41.136Z POST /api/v1/users/register 201 - 2169.212 ms
2025-02-24 05:03:45 [INFO]: 2025-02-24T05:03:45.482Z POST /api/v1/users/login 401 - 268.435 ms
2025-02-24 05:04:01 [INFO]: 2025-02-24T05:04:01.134Z GET /api/v1/users/verify?token=eyJhbGciOiJIUzI1NiIsInR5cCI6IkpXVCJ9.eyJpZCI6IjY3YmJmZGE5YTRjZWE0ZGMwYWNjYTgxMiIsInJvbGUiOiJ1c2VyIiwiaWF0IjoxNzQwMzczNDE3LCJleHAiOjE3NDA0NTk4MTd9.MePdEXAAn9mRjMBM5FY6OT5KFLFjN9B8PvIjuF4g8gg 200 - 106.680 ms
2025-02-24 05:04:07 [INFO]: 2025-02-24T05:04:07.844Z POST /api/v1/users/login 401 - 123.534 ms
2025-02-24 05:05:58 [INFO]: 2025-02-24T05:05:58.895Z POST /api/v1/users/register 201 - 1719.357 ms
2025-02-24 05:06:29 [INFO]: 2025-02-24T05:06:29.491Z GET /api/v1/users/verify?token=eyJhbGciOiJIUzI1NiIsInR5cCI6IkpXVCJ9.eyJpZCI6IjY3YmJmZTM1OWQ4OWI5Y2RhZTU4M2U4ZiIsInJvbGUiOiJ1c2VyIiwiaWF0IjoxNzQwMzczNTU3LCJleHAiOjE3NDA0NTk5NTd9.taLiPviCgCkfsloy0TfJHO1u_-8FwCSircV0-4JKmZQ 200 - 75.788 ms
2025-02-24 05:06:42 [INFO]: 2025-02-24T05:06:42.233Z POST /api/v1/users/login 401 - 57.069 ms
2025-02-24 05:08:38 [INFO]: 2025-02-24T05:08:38.976Z POST /api/v1/users/login 200 - 242.098 ms
2025-02-24 05:12:25 [INFO]: 2025-02-24T05:12:25.234Z POST /api/v1/users/login 200 - 160.990 ms
2025-02-24 05:13:11 [INFO]: 2025-02-24T05:13:11.847Z POST /api/v1/users/login 200 - 156.973 ms
2025-02-24 06:20:01 [INFO]: 2025-02-24T06:20:01.096Z POST /api/v1/admin/login 200 - 6.552 ms
2025-02-24 06:20:10 [INFO]: 2025-02-24T06:20:10.367Z GET /api/v1/admin/users 401 - 5.866 ms
2025-02-24 06:20:20 [INFO]: 2025-02-24T06:20:20.052Z GET /api/v1/admin/users 401 - 3.084 ms
2025-02-24 06:22:06 [INFO]: 2025-02-24T06:22:06.615Z GET /api/v1/admin/users 401 - 3.595 ms
2025-02-24 06:22:57 [INFO]: 2025-02-24T06:22:57.458Z GET /api/v1/admin/users 401 - 3.941 ms
2025-02-24 06:28:01 [INFO]: 2025-02-24T06:28:01.145Z GET /api/v1/admin/users - - - ms
2025-02-24 06:28:53 [INFO]: 2025-02-24T06:28:53.945Z GET /api/v1/admin/users - - - ms
2025-02-24 06:28:57 [INFO]: 2025-02-24T06:28:57.464Z GET /api/v1/admin/ 404 - 2.069 ms
2025-02-24 06:29:15 [INFO]: 2025-02-24T06:29:15.198Z GET /api/v1/admin/users - - - ms
2025-02-24 06:29:27 [INFO]: 2025-02-24T06:29:27.789Z GET /api/v1/admin/users - - - ms
2025-02-24 06:31:15 [INFO]: 2025-02-24T06:31:15.567Z GET /api/v1/admin/users 200 - 57.928 ms
2025-02-24 06:35:17 [INFO]: 2025-02-24T06:35:17.158Z GET /api/v1/admin/users/67bbfe359d89b9cdae583e8f/block 404 - 1.754 ms
2025-02-24 06:35:27 [INFO]: 2025-02-24T06:35:27.153Z PUT /api/v1/admin/users/67bbfe359d89b9cdae583e8f/block 200 - 114.935 ms
2025-02-24 06:35:44 [INFO]: 2025-02-24T06:35:44.512Z PATCH /api/v1/admin/users/67bbfe359d89b9cdae583e8f/block 200 - 104.275 ms
2025-02-24 06:35:47 [INFO]: 2025-02-24T06:35:47.231Z PATCH /api/v1/admin/users/67bbfe359d89b9cdae583e8f/block 200 - 83.653 ms
2025-02-24 06:35:48 [INFO]: 2025-02-24T06:35:48.461Z PATCH /api/v1/admin/users/67bbfe359d89b9cdae583e8f/block 200 - 105.729 ms
2025-02-24 06:35:49 [INFO]: 2025-02-24T06:35:49.510Z PATCH /api/v1/admin/users/67bbfe359d89b9cdae583e8f/block 200 - 85.428 ms
2025-02-24 07:48:24 [INFO]: 2025-02-24T07:48:24.064Z PATCH /api/v1/admin/login 404 - 2.910 ms
2025-02-24 07:48:55 [INFO]: 2025-02-24T07:48:55.644Z POST /api/v1/admin/login 200 - 3.787 ms
2025-02-24 07:48:59 [INFO]: 2025-02-24T07:48:59.779Z POST /api/v1/admin/users 404 - 0.484 ms
2025-02-24 07:49:04 [INFO]: 2025-02-24T07:49:04.259Z GET /api/v1/admin/users 401 - 4.208 ms
2025-02-24 07:49:29 [INFO]: 2025-02-24T07:49:29.294Z GET /api/v1/admin/users 401 - 6.186 ms
2025-02-24 07:51:51 [INFO]: 2025-02-24T07:51:51.949Z GET /api/v1/admin/users 200 - 113.909 ms
2025-02-24 07:52:26 [INFO]: 2025-02-24T07:52:26.395Z GET /api/v1/admin/subscription 200 - 47.106 ms
2025-02-24 07:54:11 [INFO]: 2025-02-24T07:54:11.277Z POST /api/v1/admin/subscription 400 - 6.528 ms
2025-02-24 07:54:25 [INFO]: 2025-02-24T07:54:25.346Z POST /api/v1/admin/subscription 400 - 2.749 ms
2025-02-24 07:54:36 [INFO]: 2025-02-24T07:54:36.255Z POST /api/v1/admin/subscription 201 - 109.002 ms
2025-02-24 07:54:53 [INFO]: 2025-02-24T07:54:53.784Z GET /api/v1/admin/subscription/ 200 - 40.148 ms
2025-02-24 07:55:01 [INFO]: 2025-02-24T07:55:01.494Z POST /api/v1/admin/subscription/ 409 - 36.058 ms
2025-02-24 07:55:19 [INFO]: 2025-02-24T07:55:19.462Z POST /api/v1/admin/subscription/ 400 - 2.101 ms
2025-02-24 07:55:29 [INFO]: 2025-02-24T07:55:29.475Z POST /api/v1/admin/subscription/ 201 - 78.398 ms
2025-02-24 07:55:36 [INFO]: 2025-02-24T07:55:36.890Z PUT /api/v1/admin/subscription/ 404 - 1.329 ms
2025-02-24 07:55:47 [INFO]: 2025-02-24T07:55:47.686Z GET /api/v1/admin/subscription/ 200 - 43.346 ms
2025-02-24 07:56:17 [INFO]: 2025-02-24T07:56:17.196Z PUT /api/v1/admin/subscription/67bc25bc9a5f1f54c59267b3 409 - 44.741 ms
2025-02-24 07:56:25 [INFO]: 2025-02-24T07:56:25.952Z DELETE /api/v1/admin/subscription/67bc25bc9a5f1f54c59267b3 200 - 51.371 ms
2025-02-24 08:10:54 [INFO]: 2025-02-24T08:10:54.202Z GET /api/v1/admin/subscription/ 200 - 5750.497 ms
2025-02-25 03:45:44 [INFO]: 2025-02-25T03:45:44.613Z GET /api/v1/admin/subscription/ 200 - 80.836 ms
2025-02-25 03:45:59 [INFO]: 2025-02-25T03:45:59.939Z POST /api/v1/admin/subscription/ 201 - 106.166 ms
2025-02-25 03:46:20 [INFO]: 2025-02-25T03:46:20.855Z POST /api/v1/admin/subscription/ 201 - 93.956 ms
2025-02-25 07:32:08 [INFO]: 2025-02-25T07:32:08.700Z POST /api/v1/user/login 400 - 8.770 ms
2025-02-25 07:32:18 [INFO]: 2025-02-25T07:32:18.932Z POST /api/v1/user/login 400 - 1.789 ms
2025-02-25 07:32:35 [INFO]: 2025-02-25T07:32:35.640Z POST /api/v1/user/login 400 - 1.536 ms
2025-02-25 07:34:27 [INFO]: 2025-02-25T07:34:27.983Z POST /api/v1/user/login 400 - 1.465 ms
2025-02-25 07:34:43 [INFO]: 2025-02-25T07:34:43.141Z POST /api/v1/user/login 400 - 1.572 ms
2025-02-25 07:36:16 [INFO]: 2025-02-25T07:36:16.613Z POST /api/v1/user/login 400 - 3.618 ms
2025-02-25 07:37:16 [INFO]: 2025-02-25T07:37:16.365Z POST /api/v1/user/login 400 - 2.139 ms
2025-02-25 07:37:39 [INFO]: 2025-02-25T07:37:39.386Z POST /api/v1/user/login 400 - 1.536 ms
2025-02-25 07:38:55 [INFO]: 2025-02-25T07:38:55.049Z POST /api/v1/user/login 400 - 1.190 ms
